[[1;32mcyber_launch_32553[0m] [1;32mINFO Launch file [/apollo/modules/drivers/camera/launch/camera.launch][0m
[[1;32mcyber_launch_32553[0m] [1;32mINFO ========================================================================================================================[0m
[[1;32mcyber_launch_32553[0m] [1;32mINFO Load module [camera] library: [usb_cam] [CYBER_DEFAULT] conf: [/apollo/modules/drivers/camera/dag/camera.dag] exception_handler: [][0m
[[1;32mcyber_launch_32553[0m] [1;32mINFO Start process [usb_cam] successfully. pid: 32554[0m
[[1;32mcyber_launch_32553[0m] [1;32mINFO ------------------------------------------------------------------------------------------------------------------------[0m
[[1;32mcyber_launch_32553[0m] [1;32mINFO Load module [video] library: [h265_video] [CYBER_DEFAULT] conf: [/apollo/modules/drivers/video/dag/video.dag] exception_handler: [][0m
[[1;32mcyber_launch_32553[0m] [1;32mINFO Start process [h265_video] successfully. pid: 32556[0m
[[1;32mcyber_launch_32553[0m] [1;32mINFO ------------------------------------------------------------------------------------------------------------------------[0m
[[1;34musb_cam[0m] [1;34m WARNING: Logging before InitGoogleLogging() is written to STDERR[0m
[[1;34musb_cam[0m] [1;34m I0803 08:47:14.580232 32554 module_argument.cc:81] []command: mainboard -d /apollo/modules/drivers/camera/dag/camera.dag -p usb_cam -s CYBER_DEFAULT [0m
[[1;34musb_cam[0m] [1;34m I0803 08:47:14.580615 32554 global_data.cc:155] []host ip: 10.55.5.24[0m
[[1;34musb_cam[0m] [1;34m I0803 08:47:14.581396 32554 module_argument.cc:57] []binary_name_ is mainboard, process_group_ is usb_cam, has 1 dag conf[0m
[[1;34musb_cam[0m] [1;34m I0803 08:47:14.581423 32554 module_argument.cc:60] []dag_conf: /apollo/modules/drivers/camera/dag/camera.dag[0m
[[1;34mh265_video[0m] [1;34m WARNING: Logging before InitGoogleLogging() is written to STDERR[0m
[[1;34mh265_video[0m] [1;34m I0803 08:47:14.587093 32556 module_argument.cc:81] []command: mainboard -d /apollo/modules/drivers/video/dag/video.dag -p h265_video -s CYBER_DEFAULT [0m
[[1;34mh265_video[0m] [1;34m I0803 08:47:14.587688 32556 global_data.cc:155] []host ip: 10.55.5.24[0m
[[1;34mh265_video[0m] [1;34m I0803 08:47:14.588485 32556 module_argument.cc:57] []binary_name_ is mainboard, process_group_ is h265_video, has 1 dag conf[0m
[[1;34mh265_video[0m] [1;34m I0803 08:47:14.588507 32556 module_argument.cc:60] []dag_conf: /apollo/modules/drivers/video/dag/video.dag[0m
[[1;34musb_cam[0m] [1;34m [0;31mE0803 08:47:15.111892 32569 usb_cam.cc:368] [mainboard]VIDIOC_S_FMT[0m
[[1;34musb_cam[0m] [1;34m [m[0;31mE0803 08:47:15.329823 32560 usb_cam.cc:443] [mainboard]trigger failed:-1[0m
[[1;34musb_cam[0m] [1;34m [m[0;31mE0803 08:47:17.128201 32569 usb_cam.cc:368] [mainboard]VIDIOC_S_FMT[0m
[[1;34musb_cam[0m] [1;34m [m[0;31mE0803 08:47:19.128527 32569 usb_cam.cc:368] [mainboard]VIDIOC_S_FMT[0m
[[1;32mcyber_launch_32553[0m] [1;32mINFO Keyboard interrupt received. Stop all processes.[0m
[[1;33mcyber_launch_32553[0m] [1;33mWARNING Waiting for [usb_cam][32554] exit.[0m
[[1;34musb_cam[0m] [1;34m [m[0;31mE0803 08:47:21.173030 32554 usb_cam.cc:731] [mainboard]close[0m
[[1;34musb_cam[0m] [1;34m [m[0m
[[1;32mcyber_launch_32553[0m] [1;32mINFO Process [usb_cam] has been stopped. dag_file: ['/apollo/modules/drivers/camera/dag/camera.dag'][0m
[[1;32mcyber_launch_32553[0m] [1;32mINFO All processes have been stopped.[0m
[[1;32mcyber_launch_32553[0m] [1;32mINFO cyber_launch exit.[0m
